This is pdfTeX, Version 3.1415926-2.4-1.40.13 (MiKTeX 2.9 64-bit) (preloaded format=pdflatex 2013.9.4)  30 OCT 2013 19:54
entering extended mode
**EE3731C_MiniProject.tex

("C:\Users\JulesAntoine\Dropbox\Modules\EE3731C - Digital Signal Processing Met
hods\Docs\EE3731C_MiniProject.tex"
LaTeX2e <2011/06/27>
Babel <v3.8m> and hyphenation patterns for english, afrikaans, ancientgreek, ar
abic, armenian, assamese, basque, bengali, bokmal, bulgarian, catalan, coptic, 
croatian, czech, danish, dutch, esperanto, estonian, farsi, finnish, french, ga
lician, german, german-x-2012-05-30, greek, gujarati, hindi, hungarian, iceland
ic, indonesian, interlingua, irish, italian, kannada, kurmanji, latin, latvian,
 lithuanian, malayalam, marathi, mongolian, mongolianlmc, monogreek, ngerman, n
german-x-2012-05-30, nynorsk, oriya, panjabi, pinyin, polish, portuguese, roman
ian, russian, sanskrit, serbian, slovak, slovenian, spanish, swedish, swissgerm
an, tamil, telugu, turkish, turkmen, ukenglish, ukrainian, uppersorbian, usengl
ishmax, welsh, loaded.
("C:\Program Files\MiKTeX 2.9\tex\latex\base\article.cls"
Document Class: article 2007/10/19 v1.4h Standard LaTeX document class
("C:\Program Files\MiKTeX 2.9\tex\latex\base\size11.clo"
File: size11.clo 2007/10/19 v1.4h Standard LaTeX file (size option)
)
\c@part=\count79
\c@section=\count80
\c@subsection=\count81
\c@subsubsection=\count82
\c@paragraph=\count83
\c@subparagraph=\count84
\c@figure=\count85
\c@table=\count86
\abovecaptionskip=\skip41
\belowcaptionskip=\skip42
\bibindent=\dimen102
)
("C:\Program Files\MiKTeX 2.9\tex\latex\geometry\geometry.sty"
Package: geometry 2010/09/12 v5.6 Page Geometry

("C:\Program Files\MiKTeX 2.9\tex\latex\graphics\keyval.sty"
Package: keyval 1999/03/16 v1.13 key=value parser (DPC)
\KV@toks@=\toks14
)
("C:\Program Files\MiKTeX 2.9\tex\generic\oberdiek\ifpdf.sty"
Package: ifpdf 2011/01/30 v2.3 Provides the ifpdf switch (HO)
Package ifpdf Info: pdfTeX in PDF mode is detected.
)
("C:\Program Files\MiKTeX 2.9\tex\generic\oberdiek\ifvtex.sty"
Package: ifvtex 2010/03/01 v1.5 Detect VTeX and its facilities (HO)
Package ifvtex Info: VTeX not detected.
)
("C:\Program Files\MiKTeX 2.9\tex\generic\ifxetex\ifxetex.sty"
Package: ifxetex 2010/09/12 v0.6 Provides ifxetex conditional
)
\Gm@cnth=\count87
\Gm@cntv=\count88
\c@Gm@tempcnt=\count89
\Gm@bindingoffset=\dimen103
\Gm@wd@mp=\dimen104
\Gm@odd@mp=\dimen105
\Gm@even@mp=\dimen106
\Gm@layoutwidth=\dimen107
\Gm@layoutheight=\dimen108
\Gm@layouthoffset=\dimen109
\Gm@layoutvoffset=\dimen110
\Gm@dimlist=\toks15

("C:\Program Files\MiKTeX 2.9\tex\latex\geometry\geometry.cfg"))
("C:\Program Files\MiKTeX 2.9\tex\latex\graphics\graphicx.sty"
Package: graphicx 1999/02/16 v1.0f Enhanced LaTeX Graphics (DPC,SPQR)

("C:\Program Files\MiKTeX 2.9\tex\latex\graphics\graphics.sty"
Package: graphics 2009/02/05 v1.0o Standard LaTeX Graphics (DPC,SPQR)

("C:\Program Files\MiKTeX 2.9\tex\latex\graphics\trig.sty"
Package: trig 1999/03/16 v1.09 sin cos tan (DPC)
)
("C:\Program Files\MiKTeX 2.9\tex\latex\00miktex\graphics.cfg"
File: graphics.cfg 2007/01/18 v1.5 graphics configuration of teTeX/TeXLive
)
Package graphics Info: Driver file: pdftex.def on input line 91.

("C:\Program Files\MiKTeX 2.9\tex\latex\pdftex-def\pdftex.def"
File: pdftex.def 2011/05/27 v0.06d Graphics/color for pdfTeX

("C:\Program Files\MiKTeX 2.9\tex\generic\oberdiek\infwarerr.sty"
Package: infwarerr 2010/04/08 v1.3 Providing info/warning/error messages (HO)
)
("C:\Program Files\MiKTeX 2.9\tex\generic\oberdiek\ltxcmds.sty"
Package: ltxcmds 2011/11/09 v1.22 LaTeX kernel commands for general use (HO)
)
\Gread@gobject=\count90
))
\Gin@req@height=\dimen111
\Gin@req@width=\dimen112
)
("C:\Program Files\MiKTeX 2.9\tex\latex\caption\caption.sty"
Package: caption 2013/05/02 v3.3-89 Customizing captions (AR)

("C:\Program Files\MiKTeX 2.9\tex\latex\caption\caption3.sty"
Package: caption3 2013/05/02 v1.6-88 caption3 kernel (AR)
Package caption3 Info: TeX engine: e-TeX on input line 57.
\captionmargin=\dimen113
\captionmargin@=\dimen114
\captionwidth=\dimen115
\caption@tempdima=\dimen116
\caption@indent=\dimen117
\caption@parindent=\dimen118
\caption@hangindent=\dimen119
)
\c@ContinuedFloat=\count91
)
("C:\Program Files\MiKTeX 2.9\tex\latex\caption\subcaption.sty"
Package: subcaption 2013/02/03 v1.1-62 Sub-captions (AR)
\c@subfigure=\count92
\c@subtable=\count93
)
("C:\Program Files\MiKTeX 2.9\tex\latex\float\float.sty"
Package: float 2001/11/08 v1.3d Float enhancements (AL)
\c@float@type=\count94
\float@exts=\toks16
\float@box=\box26
\@float@everytoks=\toks17
\@floatcapt=\box27
)
("C:\Users\JulesAntoine\Dropbox\Modules\EE3731C - Digital Signal Processing Met
hods\Docs\EE3731C_MiniProject.aux")
LaTeX Font Info:    Checking defaults for OML/cmm/m/it on input line 9.
LaTeX Font Info:    ... okay on input line 9.
LaTeX Font Info:    Checking defaults for T1/cmr/m/n on input line 9.
LaTeX Font Info:    ... okay on input line 9.
LaTeX Font Info:    Checking defaults for OT1/cmr/m/n on input line 9.
LaTeX Font Info:    ... okay on input line 9.
LaTeX Font Info:    Checking defaults for OMS/cmsy/m/n on input line 9.
LaTeX Font Info:    ... okay on input line 9.
LaTeX Font Info:    Checking defaults for OMX/cmex/m/n on input line 9.
LaTeX Font Info:    ... okay on input line 9.
LaTeX Font Info:    Checking defaults for U/cmr/m/n on input line 9.
LaTeX Font Info:    ... okay on input line 9.

*geometry* driver: auto-detecting
*geometry* detected driver: pdftex
*geometry* verbose mode - [ preamble ] result:
* driver: pdftex
* paper: <default>
* layout: <same size as paper>
* layoutoffset:(h,v)=(0.0pt,0.0pt)
* modes: 
* h-part:(L,W,R)=(36.135pt, 542.02501pt, 36.135pt)
* v-part:(T,H,B)=(36.135pt, 722.7pt, 36.135pt)
* \paperwidth=614.295pt
* \paperheight=794.96999pt
* \textwidth=542.02501pt
* \textheight=722.7pt
* \oddsidemargin=-36.135pt
* \evensidemargin=-36.135pt
* \topmargin=-73.135pt
* \headheight=12.0pt
* \headsep=25.0pt
* \topskip=11.0pt
* \footskip=30.0pt
* \marginparwidth=59.0pt
* \marginparsep=10.0pt
* \columnsep=10.0pt
* \skip\footins=10.0pt plus 4.0pt minus 2.0pt
* \hoffset=0.0pt
* \voffset=0.0pt
* \mag=1000
* \@twocolumnfalse
* \@twosidefalse
* \@mparswitchfalse
* \@reversemarginfalse
* (1in=72.27pt=25.4mm, 1cm=28.453pt)

("C:\Program Files\MiKTeX 2.9\tex\context\base\supp-pdf.mkii"
[Loading MPS to PDF converter (version 2006.09.02).]
\scratchcounter=\count95
\scratchdimen=\dimen120
\scratchbox=\box28
\nofMPsegments=\count96
\nofMParguments=\count97
\everyMPshowfont=\toks18
\MPscratchCnt=\count98
\MPscratchDim=\dimen121
\MPnumerator=\count99
\makeMPintoPDFobject=\count100
\everyMPtoPDFconversion=\toks19
)
Package caption Info: Begin \AtBeginDocument code.
Package caption Info: float package is loaded.
Package caption Info: End \AtBeginDocument code.
LaTeX Font Info:    External font `cmex10' loaded for size
(Font)              <12> on input line 13.
LaTeX Font Info:    External font `cmex10' loaded for size
(Font)              <8> on input line 13.
LaTeX Font Info:    External font `cmex10' loaded for size
(Font)              <6> on input line 13.
LaTeX Font Info:    External font `cmex10' loaded for size
(Font)              <10.95> on input line 20.
 <Fig_HaarWavelet.png, id=1, 410.4936pt x 175.857pt>
File: Fig_HaarWavelet.png Graphic file (type png)

<use Fig_HaarWavelet.png>
Package pdftex.def Info: Fig_HaarWavelet.png used on input line 70.
(pdftex.def)             Requested size: 298.1154pt x 127.7198pt.

<Fig_HaarWaveletPattern.png, id=3, 177.7842pt x 175.857pt>
File: Fig_HaarWaveletPattern.png Graphic file (type png)

<use Fig_HaarWaveletPattern.png>
Package pdftex.def Info: Fig_HaarWaveletPattern.png used on input line 77.
(pdftex.def)             Requested size: 135.50624pt x 134.03911pt.

<Fig_Camera_Original.png, id=4, 421.575pt x 316.18124pt>
File: Fig_Camera_Original.png Graphic file (type png)

<use Fig_Camera_Original.png>
Package pdftex.def Info: Fig_Camera_Original.png used on input line 91.
(pdftex.def)             Requested size: 216.80669pt x 191.76152pt.

<Fig_Camera_Reconstruction.png, id=5, 421.575pt x 316.18124pt>
File: Fig_Camera_Reconstruction.png Graphic file (type png)

<use Fig_Camera_Reconstruction.png>
Package pdftex.def Info: Fig_Camera_Reconstruction.png used on input line 97.
(pdftex.def)             Requested size: 216.80669pt x 191.76152pt.

<Fig_Camera_WaveletCoeff.png, id=6, 421.575pt x 316.18124pt>
File: Fig_Camera_WaveletCoeff.png Graphic file (type png)

<use Fig_Camera_WaveletCoeff.png>
Package pdftex.def Info: Fig_Camera_WaveletCoeff.png used on input line 103.
(pdftex.def)             Requested size: 216.80669pt x 191.76152pt.
 [1

{C:/ProgramData/MiKTeX/2.9/pdftex/config/pdftex.map} <C:/Users/JulesAntoine/Dro
pbox/Modules/EE3731C - Digital Signal Processing Methods/Docs/Fig_HaarWavelet.p
ng> <C:/Users/JulesAntoine/Dropbox/Modules/EE3731C - Digital Signal Processing 
Methods/Docs/Fig_HaarWaveletPattern.png>]
<Fig_Camera_Noisy_Sigma_10.png, id=23, 421.575pt x 316.18124pt>
File: Fig_Camera_Noisy_Sigma_10.png Graphic file (type png)

<use Fig_Camera_Noisy_Sigma_10.png>
Package pdftex.def Info: Fig_Camera_Noisy_Sigma_10.png used on input line 123.
(pdftex.def)             Requested size: 216.80669pt x 191.76152pt.

<Fig_Camera_Denoised_Sigma_10.png, id=24, 421.575pt x 316.18124pt>
File: Fig_Camera_Denoised_Sigma_10.png Graphic file (type png)

<use Fig_Camera_Denoised_Sigma_10.png>
Package pdftex.def Info: Fig_Camera_Denoised_Sigma_10.png used on input line 12
9.
(pdftex.def)             Requested size: 216.80669pt x 191.76152pt.

<Fig_Camera_WaveletCoeff_Noisy_Sigma_10.png, id=25, 421.575pt x 316.18124pt>
File: Fig_Camera_WaveletCoeff_Noisy_Sigma_10.png Graphic file (type png)

<use Fig_Camera_WaveletCoeff_Noisy_Sigma_10.png>
Package pdftex.def Info: Fig_Camera_WaveletCoeff_Noisy_Sigma_10.png used on inp
ut line 136.
(pdftex.def)             Requested size: 216.80669pt x 191.76152pt.

<Fig_Camera_WaveletCoeff_Denoised_Sigma_10.png, id=26, 421.575pt x 316.18124pt>
File: Fig_Camera_WaveletCoeff_Denoised_Sigma_10.png Graphic file (type png)
<use Fig_Camera_WaveletCoeff_Denoised_Sigma_10.png>
Package pdftex.def Info: Fig_Camera_WaveletCoeff_Denoised_Sigma_10.png used on 
input line 142.
(pdftex.def)             Requested size: 216.80669pt x 191.76152pt.
 [2 <C:/Users/JulesAntoine/Dropbox/Modules/EE3731C - Digital Signal Processing 
Methods/Docs/Fig_Camera_Original.png (PNG copy)> <C:/Users/JulesAntoine/Dropbox
/Modules/EE3731C - Digital Signal Processing Methods/Docs/Fig_Camera_Reconstruc
tion.png (PNG copy)> <C:/Users/JulesAntoine/Dropbox/Modules/EE3731C - Digital S
ignal Processing Methods/Docs/Fig_Camera_WaveletCoeff.png (PNG copy)>]
<Fig_PSNR_vs_sigma_HardThresholding.png, id=30, 502.15605pt x 316.18124pt>
File: Fig_PSNR_vs_sigma_HardThresholding.png Graphic file (type png)

<use Fig_PSNR_vs_sigma_HardThresholding.png>
Package pdftex.def Info: Fig_PSNR_vs_sigma_HardThresholding.png used on input l
ine 155.
(pdftex.def)             Requested size: 289.07999pt x 207.76169pt.
 [3 <C:/Users/JulesAntoine/Dropbox/Modules/EE3731C - Digital Signal Processing 
Methods/Docs/Fig_Camera_Noisy_Sigma_10.png (PNG copy)> <C:/Users/JulesAntoine/D
ropbox/Modules/EE3731C - Digital Signal Processing Methods/Docs/Fig_Camera_Deno
ised_Sigma_10.png (PNG copy)> <C:/Users/JulesAntoine/Dropbox/Modules/EE3731C - 
Digital Signal Processing Methods/Docs/Fig_Camera_WaveletCoeff_Noisy_Sigma_10.p
ng (PNG copy)> <C:/Users/JulesAntoine/Dropbox/Modules/EE3731C - Digital Signal 
Processing Methods/Docs/Fig_Camera_WaveletCoeff_Denoised_Sigma_10.png (PNG copy
)>]
<Fig_3SchemesThresholding.png, id=35, 642.9621pt x 365.9271pt>
File: Fig_3SchemesThresholding.png Graphic file (type png)

<use Fig_3SchemesThresholding.png>
Package pdftex.def Info: Fig_3SchemesThresholding.png used on input line 180.
(pdftex.def)             Requested size: 289.07999pt x 181.69743pt.
 [4 <C:/Users/JulesAntoine/Dropbox/Modules/EE3731C - Digital Signal Processing 
Methods/Docs/Fig_PSNR_vs_sigma_HardThresholding.png (PNG copy)> <C:/Users/Jules
Antoine/Dropbox/Modules/EE3731C - Digital Signal Processing Methods/Docs/Fig_3S
chemesThresholding.png (PNG copy)>]
<Fig_PSNR_vs_Threshold_3schemes.png, id=39, 1745.52126pt x 1028.84375pt>
File: Fig_PSNR_vs_Threshold_3schemes.png Graphic file (type png)

<use Fig_PSNR_vs_Threshold_3schemes.png>
Package pdftex.def Info: Fig_PSNR_vs_Threshold_3schemes.png used on input line 
189.
(pdftex.def)             Requested size: 361.34999pt x 220.6253pt.

<Fig_Camera_3schemes.png, id=40, 1021.6569pt x 263.5446pt>
File: Fig_Camera_3schemes.png Graphic file (type png)

<use Fig_Camera_3schemes.png>
Package pdftex.def Info: Fig_Camera_3schemes.png used on input line 205.
(pdftex.def)             Requested size: 469.75499pt x 164.35922pt.

<Fig_PSNR_vs_sigma_3schemes.png, id=41, 1480.53125pt x 986.68625pt>
File: Fig_PSNR_vs_sigma_3schemes.png Graphic file (type png)

<use Fig_PSNR_vs_sigma_3schemes.png>
Package pdftex.def Info: Fig_PSNR_vs_sigma_3schemes.png used on input line 212.

(pdftex.def)             Requested size: 289.07999pt x 237.64551pt.
 [5 <C:/Users/JulesAntoine/Dropbox/Modules/EE3731C - Digital Signal Processing 
Methods/Docs/Fig_PSNR_vs_Threshold_3schemes.png> <C:/Users/JulesAntoine/Dropbox
/Modules/EE3731C - Digital Signal Processing Methods/Docs/Fig_Camera_3schemes.p
ng (PNG copy)>]
<Fig_Lena_Original.png, id=47, 421.575pt x 316.18124pt>
File: Fig_Lena_Original.png Graphic file (type png)

<use Fig_Lena_Original.png>
Package pdftex.def Info: Fig_Lena_Original.png used on input line 223.
(pdftex.def)             Requested size: 289.07999pt x 243.73843pt.

<Fig_Lena_Compr_20.png, id=48, 421.575pt x 316.18124pt>
File: Fig_Lena_Compr_20.png Graphic file (type png)

<use Fig_Lena_Compr_20.png>
Package pdftex.def Info: Fig_Lena_Compr_20.png used on input line 232.
(pdftex.def)             Requested size: 216.80669pt x 182.79034pt.

<Fig_Lena_Compr_10.png, id=49, 421.575pt x 316.18124pt>
File: Fig_Lena_Compr_10.png Graphic file (type png)

<use Fig_Lena_Compr_10.png>
Package pdftex.def Info: Fig_Lena_Compr_10.png used on input line 238.
(pdftex.def)             Requested size: 216.80669pt x 182.79034pt.

<Fig_Lena_Compr_05.png, id=50, 421.575pt x 316.18124pt>
File: Fig_Lena_Compr_05.png Graphic file (type png)

<use Fig_Lena_Compr_05.png>
Package pdftex.def Info: Fig_Lena_Compr_05.png used on input line 245.
(pdftex.def)             Requested size: 216.80669pt x 182.79034pt.

<Fig_Lena_Compr_01.png, id=51, 421.575pt x 316.18124pt>
File: Fig_Lena_Compr_01.png Graphic file (type png)

<use Fig_Lena_Compr_01.png>
Package pdftex.def Info: Fig_Lena_Compr_01.png used on input line 251.
(pdftex.def)             Requested size: 216.80669pt x 182.79034pt.
 [6 <C:/Users/JulesAntoine/Dropbox/Modules/EE3731C - Digital Signal Processing 
Methods/Docs/Fig_PSNR_vs_sigma_3schemes.png> <C:/Users/JulesAntoine/Dropbox/Mod
ules/EE3731C - Digital Signal Processing Methods/Docs/Fig_Lena_Original.png (PN
G copy)>]
<Fig_WaveletCoeff_Hist.png, id=56, 574.3056pt x 355.3275pt>
File: Fig_WaveletCoeff_Hist.png Graphic file (type png)

<use Fig_WaveletCoeff_Hist.png>
Package pdftex.def Info: Fig_WaveletCoeff_Hist.png used on input line 261.
(pdftex.def)             Requested size: 252.94499pt x 204.88327pt.

<Fig_PSNR_ComprRatio.png, id=57, 478.78876pt x 307.1475pt>
File: Fig_PSNR_ComprRatio.png Graphic file (type png)

<use Fig_PSNR_ComprRatio.png>
Package pdftex.def Info: Fig_PSNR_ComprRatio.png used on input line 268.
(pdftex.def)             Requested size: 252.94499pt x 226.97142pt.
 [7 <C:/Users/JulesAntoine/Dropbox/Modules/EE3731C - Digital Signal Processing 
Methods/Docs/Fig_Lena_Compr_20.png (PNG copy)> <C:/Users/JulesAntoine/Dropbox/M
odules/EE3731C - Digital Signal Processing Methods/Docs/Fig_Lena_Compr_10.png (
PNG copy)> <C:/Users/JulesAntoine/Dropbox/Modules/EE3731C - Digital Signal Proc
essing Methods/Docs/Fig_Lena_Compr_05.png (PNG copy)> <C:/Users/JulesAntoine/Dr
opbox/Modules/EE3731C - Digital Signal Processing Methods/Docs/Fig_Lena_Compr_0
1.png (PNG copy)> <C:/Users/JulesAntoine/Dropbox/Modules/EE3731C - Digital Sign
al Processing Methods/Docs/Fig_WaveletCoeff_Hist.png (PNG copy)>] <Fig_ECG_Wave
form.png, id=62, 913.9746pt x 235.6002pt>
File: Fig_ECG_Waveform.png Graphic file (type png)

<use Fig_ECG_Waveform.png>
Package pdftex.def Info: Fig_ECG_Waveform.png used on input line 284.
(pdftex.def)             Requested size: 505.89pt x 130.40375pt.
 <Fig_ECG_PSD.png, id=63, 713.66624pt x 355.3275pt>
File: Fig_ECG_PSD.png Graphic file (type png)

<use Fig_ECG_PSD.png>
Package pdftex.def Info: Fig_ECG_PSD.png used on input line 293.
(pdftex.def)             Requested size: 361.34999pt x 187.97084pt.
 [8 <C:/Users/JulesAntoine/Dropbox/Modules/EE3731C - Digital Signal Processing 
Methods/Docs/Fig_PSNR_ComprRatio.png (PNG copy)> <C:/Users/JulesAntoine/Dropbox
/Modules/EE3731C - Digital Signal Processing Methods/Docs/Fig_ECG_Waveform.png 
(PNG copy)>]
<Fig_HannFreqResponse.png, id=69, 481.0773pt x 261.97874pt>
File: Fig_HannFreqResponse.png Graphic file (type png)

<use Fig_HannFreqResponse.png>
Package pdftex.def Info: Fig_HannFreqResponse.png used on input line 307.
(pdftex.def)             Requested size: 289.07999pt x 185.26268pt.
Missing character: There is no ‚ in font cmr10!
Missing character: There is no Ä in font cmr10!
Missing character: There is no ú in font cmr10!
Missing character: There is no ‚ in font cmr10!
Missing character: There is no Ä in font cmr10!
Missing character: There is no ù in font cmr10!
Missing character: There is no ‚ in font cmr10!
Missing character: There is no Ä in font cmr10!
Missing character: There is no ì in font cmr10!
Missing character: There is no ‚ in font cmr10!
Missing character: There is no Ä in font cmr10!
Missing character: There is no ú in font cmr10!
Missing character: There is no ‚ in font cmr10!
Missing character: There is no Ä in font cmr10!
Missing character: There is no ù in font cmr10!
Missing character: There is no ‚ in font cmr10!
Missing character: There is no Ä in font cmr10!
Missing character: There is no ì in font cmr10!
 [9 <C:/Users/JulesAntoine/Dropbox/Modules/EE3731C - Digital Signal Processing 
Methods/Docs/Fig_ECG_PSD.png (PNG copy)> <C:/Users/JulesAntoine/Dropbox/Modules
/EE3731C - Digital Signal Processing Methods/Docs/Fig_HannFreqResponse.png (PNG
 copy)>]
("C:\Users\JulesAntoine\Dropbox\Modules\EE3731C - Digital Signal Processing Met
hods\Docs\EE3731C_MiniProject.aux") ) 
Here is how much of TeX's memory you used:
 2949 strings out of 493921
 48001 string characters out of 3147262
 110503 words of memory out of 3000000
 6230 multiletter control sequences out of 15000+200000
 9809 words of font info for 34 fonts, out of 3000000 for 9000
 841 hyphenation exceptions out of 8191
 36i,8n,38p,1006b,441s stack positions out of 5000i,500n,10000p,200000b,50000s
<C:/Program Files/MiKTeX 2.9/fonts/type1/p
ublic/amsfonts/cm/cmbx10.pfb><C:/Program Files/MiKTeX 2.9/fonts/type1/public/am
sfonts/cm/cmbx12.pfb><C:/Program Files/MiKTeX 2.9/fonts/type1/public/amsfonts/c
m/cmex10.pfb><C:/Program Files/MiKTeX 2.9/fonts/type1/public/amsfonts/cm/cmmi10
.pfb><C:/Program Files/MiKTeX 2.9/fonts/type1/public/amsfonts/cm/cmmi8.pfb><C:/
Program Files/MiKTeX 2.9/fonts/type1/public/amsfonts/cm/cmr10.pfb><C:/Program F
iles/MiKTeX 2.9/fonts/type1/public/amsfonts/cm/cmr12.pfb><C:/Program Files/MiKT
eX 2.9/fonts/type1/public/amsfonts/cm/cmr17.pfb><C:/Program Files/MiKTeX 2.9/fo
nts/type1/public/amsfonts/cm/cmr6.pfb><C:/Program Files/MiKTeX 2.9/fonts/type1/
public/amsfonts/cm/cmr8.pfb><C:/Program Files/MiKTeX 2.9/fonts/type1/public/ams
fonts/cm/cmsl10.pfb><C:/Program Files/MiKTeX 2.9/fonts/type1/public/amsfonts/cm
/cmsy10.pfb><C:/Program Files/MiKTeX 2.9/fonts/type1/public/amsfonts/cm/cmsy8.p
fb><C:/Program Files/MiKTeX 2.9/fonts/type1/public/amsfonts/cm/cmti10.pfb>
Output written on EE3731C_MiniProject.pdf (9 pages, 2747837 bytes).
PDF statistics:
 117 PDF objects out of 1000 (max. 8388607)
 0 named destinations out of 1000 (max. 500000)
 121 words of extra memory for PDF output out of 10000 (max. 10000000)

